<?xml version="1.0" encoding="UTF-8" ?>
<testsuite tests="5" failures="0" name="com.fico.xpress.services.MultipleValueArgValidationServiceTest" time="0.004" errors="0" skipped="0">
  <properties>
[...]
</properties>
  <testcase classname="com.fico.xpress.services.MultipleValueArgValidationServiceTest" name="testPrepareUniqueMultipleValueArgToAdd" time="0"/>
  <testcase classname="com.fico.xpress.services.MultipleValueArgValidationServiceTest" name="testValidateAddArgs" time="0"/>
  <testcase classname="com.fico.xpress.services.MultipleValueArgValidationServiceTest" name="testValidateAddAndRemoveArgs" time="0.001"/>
  <testcase classname="com.fico.xpress.services.MultipleValueArgValidationServiceTest" name="testPopulateAndValidateMultipleValueArgs" time="0.002"/>
  <testcase classname="com.fico.xpress.services.MultipleValueArgValidationServiceTest" name="testValidateRemoveArgs" time="0.001"/>
</testsuite>